\BOOKMARK [1][-]{section.1}{Introduction}{}% 1
\BOOKMARK [1][-]{section.2}{Problem Formulation}{}% 2
\BOOKMARK [2][-]{subsection.2.1}{Configuration}{section.2}% 3
\BOOKMARK [2][-]{subsection.2.2}{Partition}{section.2}% 4
\BOOKMARK [2][-]{subsection.2.3}{Problem Definition}{section.2}% 5
\BOOKMARK [1][-]{section.3}{Voronoi Diagrams and Distributed Coverage Algorithms}{}% 6
\BOOKMARK [2][-]{subsection.3.1}{Voronoi Diagrams}{section.3}% 7
\BOOKMARK [2][-]{subsection.3.2}{Lloyd's Algorithm}{section.3}% 8
\BOOKMARK [1][-]{section.4}{Proposed Solution}{}% 9
\BOOKMARK [2][-]{subsection.4.1}{Projected Lloyd's Algorithm}{section.4}% 10
\BOOKMARK [2][-]{subsection.4.2}{Full Problem Solution Algorithm}{section.4}% 11
\BOOKMARK [2][-]{subsection.4.3}{Results}{section.4}% 12
\BOOKMARK [3][-]{subsubsection.4.3.1}{Results without PLA}{subsection.4.3}% 13
\BOOKMARK [3][-]{subsubsection.4.3.2}{Results with PLA}{subsection.4.3}% 14
\BOOKMARK [1][-]{section.5}{Combining Lloyd's Algorithm and Distance-Based Formation Control}{}% 15
\BOOKMARK [2][-]{subsection.5.1}{Distance-Based Formation Control}{section.5}% 16
\BOOKMARK [3][-]{subsubsection.5.1.1}{Algebraic Graph Theory}{subsection.5.1}% 17
\BOOKMARK [3][-]{subsubsection.5.1.2}{Graph Connectivity and Rigidity}{subsection.5.1}% 18
\BOOKMARK [3][-]{subsubsection.5.1.3}{Distance-Based Formation Controller}{subsection.5.1}% 19
\BOOKMARK [2][-]{subsection.5.2}{Combining Distance-Based Formation Control and Lloyd's Algorithm}{section.5}% 20
\BOOKMARK [2][-]{subsection.5.3}{The Combination and Problem 1}{section.5}% 21
\BOOKMARK [2][-]{subsection.5.4}{Simulations}{section.5}% 22
\BOOKMARK [1][-]{section.6}{Concluding Remarks}{}% 23
